2018-11-29 12:38:14,313 DEBUG [main] devpinoyLogger:89 - Home page object has been created.
2018-11-29 12:38:15,460 DEBUG [main] devpinoyLogger:91 - Signin button is clicked
2018-11-29 12:39:17,183 DEBUG [main] devpinoyLogger:89 - Home page object has been created.
2018-11-29 12:39:18,465 DEBUG [main] devpinoyLogger:91 - Signin button is clicked
2018-11-29 12:41:24,063 DEBUG [main] test-logger:89 - Home page object has been created.
2018-11-29 12:41:26,356 DEBUG [main] test-logger:91 - Signin button is clicked
2018-11-29 12:46:27,566 DEBUG [main] test-logger:90 - Home page object has been created.
2018-11-29 12:46:29,877 DEBUG [main] test-logger:92 - Signin button is clicked
2018-11-29 13:26:07,888 ERROR [main] test-logger:101 - org.openqa.selenium.NoSuchSessionException: A session is either terminated or not started
Build info: version: '3.13.0', revision: '2f0d292', time: '2018-06-25T15:24:21.231Z'
System info: host: 'Mohammeds-MacBook-Pro.local', ip: 'fe80:0:0:0:8:a88d:d3e3:3e98%en0', os.name: 'Mac OS X', os.arch: 'x86_64', os.version: '10.13.6', java.version: '1.8.0_181'
Driver info: io.appium.java_client.android.AndroidDriver
Capabilities {app: /work/GIT/MobileTesting/src..., appPackage: com.androidapp.gobrightside..., automationName: UIAutomator2, databaseEnabled: false, desired: {app: /work/GIT/MobileTesting/src..., automationName: UIAutomator2, deviceName: Nexus_5X_API_28, platformName: android}, deviceApiLevel: 28, deviceManufacturer: Google, deviceModel: Android SDK built for x86, deviceName: emulator-5554, deviceScreenDensity: 420, deviceScreenSize: 1080x1920, deviceUDID: emulator-5554, javascriptEnabled: true, locationContextEnabled: false, networkConnectionEnabled: true, pixelRatio: 2.625, platform: LINUX, platformName: Android, platformVersion: 9, statBarHeight: 63, takesScreenshot: true, viewportRect: {height: 1731, left: 0, top: 63, width: 1080}, warnings: {}, webStorageEnabled: false}
Session ID: da4a08a8-a941-4ad2-95ef-4ec6cc146943
2018-12-04 11:40:02,819 DEBUG [main] test-logger:89 - Home page object has been created.
2018-12-04 11:40:05,040 DEBUG [main] test-logger:91 - Signin button is clicked
2018-12-06 11:55:58,099 DEBUG [main] test-logger:92 - Home page object has been created.
2018-12-06 11:55:59,233 DEBUG [main] test-logger:94 - Signin button is clicked
2018-12-06 12:00:56,768 DEBUG [main] test-logger:92 - Home page object has been created.
2018-12-06 12:00:58,088 DEBUG [main] test-logger:94 - Signin button is clicked
